<?xml version="1.0" encoding="utf-8"?><testsuites name="pytest tests"><testsuite name="pytest" errors="0" failures="0" skipped="0" tests="12" time="11.460" timestamp="2026-01-01T21:42:50.846040+00:00" hostname="agent-env-ffe4544d-3fee-4341-a4e6-ab39b1a51532"><testcase classname="tests.test_pricing_chat_apis.TestPricingAPIs" name="test_get_pricing_plans" time="0.099" /><testcase classname="tests.test_pricing_chat_apis.TestPricingAPIs" name="test_get_plan_details" time="0.126" /><testcase classname="tests.test_pricing_chat_apis.TestPricingAPIs" name="test_get_plan_not_found" time="0.076" /><testcase classname="tests.test_pricing_chat_apis.TestAuthenticatedPricingAPIs" name="test_get_subscription_status" time="0.270" /><testcase classname="tests.test_pricing_chat_apis.TestAuthenticatedPricingAPIs" name="test_get_company_features" time="0.305" /><testcase classname="tests.test_pricing_chat_apis.TestChatAPIs" name="test_get_chat_channels" time="0.307" /><testcase classname="tests.test_pricing_chat_apis.TestChatAPIs" name="test_create_chat_channel" time="0.260" /><testcase classname="tests.test_pricing_chat_apis.TestChatAPIs" name="test_ai_chatbot_query" time="4.111" /><testcase classname="tests.test_pricing_chat_apis.TestChatAPIs" name="test_ai_chatbot_feature_question" time="5.233" /><testcase classname="tests.test_pricing_chat_apis.TestSignupFlow" name="test_register_new_user" time="0.276" /><testcase classname="tests.test_pricing_chat_apis.TestSignupFlow" name="test_register_duplicate_email" time="0.039" /><testcase classname="tests.test_pricing_chat_apis.TestCheckoutFlow" name="test_subscribe_endpoint" time="0.265" /></testsuite></testsuites>