<?xml version="1.0" encoding="utf-8"?><testsuites name="pytest tests"><testsuite name="pytest" errors="0" failures="0" skipped="0" tests="10" time="9.651" timestamp="2026-01-01T22:14:33.982041+00:00" hostname="agent-env-ffe4544d-3fee-4341-a4e6-ab39b1a51532"><testcase classname="tests.test_rebranding_stripe.TestStripeCheckout" name="test_stripe_checkout_session_monthly" time="0.417" /><testcase classname="tests.test_rebranding_stripe.TestStripeCheckout" name="test_stripe_checkout_session_yearly" time="0.392" /><testcase classname="tests.test_rebranding_stripe.TestStripeCheckout" name="test_stripe_checkout_invalid_plan" time="0.034" /><testcase classname="tests.test_rebranding_stripe.TestStripeCheckout" name="test_stripe_checkout_zero_users" time="0.031" /><testcase classname="tests.test_rebranding_stripe.TestWorkingTrackerBranding" name="test_ai_chatbot_working_tracker_branding" time="0.904" /><testcase classname="tests.test_rebranding_stripe.TestWorkingTrackerBranding" name="test_ai_chatbot_support_email" time="2.136" /><testcase classname="tests.test_rebranding_stripe.TestWorkingTrackerBranding" name="test_ai_chatbot_no_workmonitor_branding" time="5.555" /><testcase classname="tests.test_rebranding_stripe.TestPricingWidget" name="test_pricing_plans_starter_price" time="0.053" /><testcase classname="tests.test_rebranding_stripe.TestPricingWidget" name="test_pricing_plans_14_day_trial" time="0.035" /><testcase classname="tests.test_rebranding_stripe.TestPricingWidget" name="test_pricing_plans_yearly_discount" time="0.032" /></testsuite></testsuites>