<?xml version="1.0" encoding="utf-8"?><testsuites name="pytest tests"><testsuite name="pytest" errors="0" failures="0" skipped="0" tests="19" time="4.834" timestamp="2026-01-01T22:31:17.384948+00:00" hostname="agent-env-ffe4544d-3fee-4341-a4e6-ab39b1a51532"><testcase classname="tests.test_feature_gating_payment.TestFeatureGatingStarterPlan" name="test_payroll_returns_403_for_starter" time="0.307" /><testcase classname="tests.test_feature_gating_payment.TestFeatureGatingStarterPlan" name="test_leaves_get_returns_403_for_starter" time="0.280" /><testcase classname="tests.test_feature_gating_payment.TestFeatureGatingStarterPlan" name="test_leaves_post_returns_403_for_starter" time="0.270" /><testcase classname="tests.test_feature_gating_payment.TestFeatureGatingStarterPlan" name="test_shifts_get_returns_403_for_starter" time="0.269" /><testcase classname="tests.test_feature_gating_payment.TestFeatureGatingStarterPlan" name="test_shifts_post_returns_403_for_starter" time="0.310" /><testcase classname="tests.test_feature_gating_payment.TestFeatureGatingStarterPlan" name="test_attendance_clock_in_returns_403_for_starter" time="0.270" /><testcase classname="tests.test_feature_gating_payment.TestFeatureGatingStarterPlan" name="test_attendance_clock_out_returns_403_for_starter" time="0.311" /><testcase classname="tests.test_feature_gating_payment.TestFeatureGatingStarterPlan" name="test_invoices_returns_403_for_starter" time="0.266" /><testcase classname="tests.test_feature_gating_payment.TestScreenshotLimitStarterPlan" name="test_screenshot_upload_returns_limit_info" time="0.316" /><testcase classname="tests.test_feature_gating_payment.TestProPlanFeatureAccess" name="test_payroll_accessible_for_pro" time="0.270" /><testcase classname="tests.test_feature_gating_payment.TestProPlanFeatureAccess" name="test_leaves_accessible_for_pro" time="0.262" /><testcase classname="tests.test_feature_gating_payment.TestProPlanFeatureAccess" name="test_shifts_accessible_for_pro" time="0.308" /><testcase classname="tests.test_feature_gating_payment.TestProPlanFeatureAccess" name="test_invoices_accessible_for_pro" time="0.267" /><testcase classname="tests.test_feature_gating_payment.TestStripeCheckout" name="test_stripe_checkout_session_monthly" time="0.493" /><testcase classname="tests.test_feature_gating_payment.TestStripeCheckout" name="test_stripe_checkout_session_yearly" time="0.386" /><testcase classname="tests.test_feature_gating_payment.TestStripeCheckout" name="test_stripe_checkout_invalid_plan" time="0.073" /><testcase classname="tests.test_feature_gating_payment.TestStripeCheckout" name="test_stripe_checkout_zero_users" time="0.031" /><testcase classname="tests.test_feature_gating_payment.TestPricingPlans" name="test_pricing_plans_starter_features" time="0.030" /><testcase classname="tests.test_feature_gating_payment.TestPricingPlans" name="test_pricing_plans_pro_features" time="0.032" /></testsuite></testsuites>